<?xml version="1.0" encoding="UTF-8"?>
<testsuite name="me.leemingi.springbootdeveloper.controller.BlogApiControllerTest" tests="1" skipped="0" failures="0" errors="0" timestamp="2025-10-21T07:09:36" hostname="5FPC042" time="1.432">
  <properties/>
  <testcase name="updateArticle: 블로그 글 수정에 성공한다." classname="me.leemingi.springbootdeveloper.controller.BlogApiControllerTest" time="1.432"/>
  <system-out><![CDATA[16:09:28.233 [Test worker] INFO org.springframework.test.context.support.AnnotationConfigContextLoaderUtils -- Could not detect default configuration classes for test class [me.leemingi.springbootdeveloper.controller.BlogApiControllerTest]: BlogApiControllerTest does not declare any static, non-private, non-final, nested classes annotated with @Configuration.
16:09:28.459 [Test worker] INFO org.springframework.boot.test.context.SpringBootTestContextBootstrapper -- Found @SpringBootConfiguration me.leemingi.springbootdeveloper.SpringBootDeveloperApplication for test class me.leemingi.springbootdeveloper.controller.BlogApiControllerTest

  .   ____          _            __ _ _
 /\\ / ___'_ __ _ _(_)_ __  __ _ \ \ \ \
( ( )\___ | '_ | '_| | '_ \/ _` | \ \ \ \
 \\/  ___)| |_)| | | | | || (_| |  ) ) ) )
  '  |____| .__|_| |_|_| |_\__, | / / / /
 =========|_|==============|___/=/_/_/_/
 :: Spring Boot ::                (v3.2.0)

2025-10-21T16:09:29.311+09:00  INFO 25712 --- [    Test worker] m.l.s.controller.BlogApiControllerTest   : Starting BlogApiControllerTest using Java 17.0.16 with PID 25712 (started by SSAFY in C:\SSAFY\backend\SpringBootStudyWorkPlace)
2025-10-21T16:09:29.313+09:00  INFO 25712 --- [    Test worker] m.l.s.controller.BlogApiControllerTest   : No active profile set, falling back to 1 default profile: "default"
2025-10-21T16:09:30.470+09:00  INFO 25712 --- [    Test worker] .s.d.r.c.RepositoryConfigurationDelegate : Bootstrapping Spring Data JPA repositories in DEFAULT mode.
2025-10-21T16:09:30.581+09:00  INFO 25712 --- [    Test worker] .s.d.r.c.RepositoryConfigurationDelegate : Finished Spring Data repository scanning in 91 ms. Found 1 JPA repository interface.
2025-10-21T16:09:31.331+09:00  INFO 25712 --- [    Test worker] com.zaxxer.hikari.HikariDataSource       : HikariPool-1 - Starting...
2025-10-21T16:09:31.690+09:00  INFO 25712 --- [    Test worker] com.zaxxer.hikari.pool.HikariPool        : HikariPool-1 - Added connection conn0: url=jdbc:h2:mem:testdb user=SA
2025-10-21T16:09:31.693+09:00  INFO 25712 --- [    Test worker] com.zaxxer.hikari.HikariDataSource       : HikariPool-1 - Start completed.
2025-10-21T16:09:31.799+09:00  INFO 25712 --- [    Test worker] o.hibernate.jpa.internal.util.LogHelper  : HHH000204: Processing PersistenceUnitInfo [name: default]
2025-10-21T16:09:32.002+09:00  INFO 25712 --- [    Test worker] org.hibernate.Version                    : HHH000412: Hibernate ORM core version 6.3.1.Final
2025-10-21T16:09:32.086+09:00  INFO 25712 --- [    Test worker] o.h.c.internal.RegionFactoryInitiator    : HHH000026: Second-level cache disabled
2025-10-21T16:09:32.685+09:00  INFO 25712 --- [    Test worker] o.s.o.j.p.SpringPersistenceUnitInfo      : No LoadTimeWeaver setup: ignoring JPA class transformer
2025-10-21T16:09:34.243+09:00  INFO 25712 --- [    Test worker] o.h.e.t.j.p.i.JtaPlatformInitiator       : HHH000489: No JTA platform available (set 'hibernate.transaction.jta.platform' to enable JTA platform integration)
Hibernate: 
    drop table if exists article cascade 
Hibernate: 
    create table article (
        id bigint generated by default as identity,
        content varchar(255) not null,
        title varchar(255) not null,
        primary key (id)
    )
2025-10-21T16:09:34.312+09:00  INFO 25712 --- [    Test worker] j.LocalContainerEntityManagerFactoryBean : Initialized JPA EntityManagerFactory for persistence unit 'default'
2025-10-21T16:09:35.276+09:00  WARN 25712 --- [    Test worker] JpaBaseConfiguration$JpaWebConfiguration : spring.jpa.open-in-view is enabled by default. Therefore, database queries may be performed during view rendering. Explicitly configure spring.jpa.open-in-view to disable this warning
2025-10-21T16:09:36.354+09:00  INFO 25712 --- [    Test worker] o.s.b.a.h2.H2ConsoleAutoConfiguration    : H2 console available at '/h2-console'. Database available at 'jdbc:h2:mem:testdb'
2025-10-21T16:09:36.474+09:00  INFO 25712 --- [    Test worker] o.s.b.t.m.w.SpringBootMockServletContext : Initializing Spring TestDispatcherServlet ''
2025-10-21T16:09:36.475+09:00  INFO 25712 --- [    Test worker] o.s.t.web.servlet.TestDispatcherServlet  : Initializing Servlet ''
2025-10-21T16:09:36.481+09:00  INFO 25712 --- [    Test worker] o.s.t.web.servlet.TestDispatcherServlet  : Completed initialization in 1 ms
2025-10-21T16:09:36.543+09:00  INFO 25712 --- [    Test worker] m.l.s.controller.BlogApiControllerTest   : Started BlogApiControllerTest in 7.814 seconds (process running for 9.904)
2025-10-21T16:09:37.382+09:00  INFO 25712 --- [    Test worker] o.s.b.t.m.w.SpringBootMockServletContext : Initializing Spring TestDispatcherServlet ''
2025-10-21T16:09:37.382+09:00  INFO 25712 --- [    Test worker] o.s.t.web.servlet.TestDispatcherServlet  : Initializing Servlet ''
2025-10-21T16:09:37.383+09:00  INFO 25712 --- [    Test worker] o.s.t.web.servlet.TestDispatcherServlet  : Completed initialization in 1 ms
Hibernate: 
    select
        a1_0.id,
        a1_0.content,
        a1_0.title 
    from
        article a1_0
Hibernate: 
    delete 
    from
        article 
    where
        id=?
Hibernate: 
    delete 
    from
        article 
    where
        id=?
Hibernate: 
    delete 
    from
        article 
    where
        id=?
Hibernate: 
    insert 
    into
        article
        (content, title, id) 
    values
        (?, ?, default)
Hibernate: 
    select
        a1_0.id,
        a1_0.content,
        a1_0.title 
    from
        article a1_0 
    where
        a1_0.id=?
Hibernate: 
    update
        article 
    set
        content=?,
        title=? 
    where
        id=?
Hibernate: 
    select
        a1_0.id,
        a1_0.content,
        a1_0.title 
    from
        article a1_0 
    where
        a1_0.id=?
]]></system-out>
  <system-err><![CDATA[]]></system-err>
</testsuite>
